[2026-02-13T19:04:24.600Z] INFO: Config loaded -> https://clawdtalk.com
[2026-02-13T19:04:24.602Z] INFO: Owner: Alexey
[2026-02-13T19:04:24.602Z] INFO: Agent: Kex
[2026-02-13T19:04:24.602Z] INFO: Gateway: http://127.0.0.1:18789/v1/chat/completions
[2026-02-13T19:04:24.602Z] INFO: Main agent: voice
[2026-02-13T19:04:24.602Z] INFO: ═══════════════════════════════════════════════
[2026-02-13T19:04:24.602Z] INFO: ClawdTalk WebSocket Client v1.2.9
[2026-02-13T19:04:24.602Z] INFO: Full agentic mode with main session routing
[2026-02-13T19:04:24.602Z] INFO: ═══════════════════════════════════════════════
[2026-02-13T19:04:24.602Z] INFO: Chat endpoint: http://127.0.0.1:18789/v1/chat/completions
[2026-02-13T19:04:24.602Z] INFO: Tools endpoint: http://127.0.0.1:18789/tools/invoke
[2026-02-13T19:04:24.602Z] INFO: Agent: main
[2026-02-13T19:04:24.603Z] INFO: Connecting to wss://clawdtalk.com...
[2026-02-13T19:04:24.721Z] INFO: Connected, authenticating...
[2026-02-13T19:04:24.735Z] INFO: Authenticated (v1.2.9 agentic mode)
[2026-02-13T19:46:27.774Z] WARN: WS closed: 1006
[2026-02-13T19:46:27.774Z] INFO: Reconnecting in 5s (attempt 1)
[2026-02-13T19:46:32.779Z] INFO: Connecting to wss://clawdtalk.com...
[2026-02-13T19:46:32.837Z] INFO: Connected, authenticating...
[2026-02-13T19:46:32.851Z] INFO: Authenticated (v1.2.9 agentic mode)
[2026-02-13T19:50:51.277Z] WARN: WS closed: 1006
[2026-02-13T19:50:51.277Z] INFO: Reconnecting in 5s (attempt 1)
[2026-02-13T19:50:56.282Z] INFO: Connecting to wss://clawdtalk.com...
[2026-02-13T19:50:56.324Z] INFO: Connected, authenticating...
[2026-02-13T19:50:56.342Z] INFO: Authenticated (v1.2.9 agentic mode)
[2026-02-13T21:10:27.799Z] WARN: WS closed: 1006
[2026-02-13T21:10:27.799Z] INFO: Reconnecting in 5s (attempt 1)
[2026-02-13T21:10:32.804Z] INFO: Connecting to wss://clawdtalk.com...
[2026-02-13T21:10:32.886Z] INFO: Connected, authenticating...
[2026-02-13T21:10:32.899Z] INFO: Authenticated (v1.2.9 agentic mode)
[2026-02-13T21:28:19.433Z] WARN: WS closed: 1006
[2026-02-13T21:28:19.433Z] INFO: Reconnecting in 5s (attempt 1)
[2026-02-13T21:28:24.438Z] INFO: Connecting to wss://clawdtalk.com...
[2026-02-13T21:28:24.505Z] INFO: Connected, authenticating...
[2026-02-13T21:28:24.520Z] INFO: Authenticated (v1.2.9 agentic mode)
[2026-02-13T22:20:34.288Z] WARN: WS closed: 1006
[2026-02-13T22:20:34.288Z] INFO: Reconnecting in 5s (attempt 1)
[2026-02-13T22:20:39.292Z] INFO: Connecting to wss://clawdtalk.com...
[2026-02-13T22:20:39.374Z] INFO: Connected, authenticating...
[2026-02-13T22:20:39.388Z] INFO: Authenticated (v1.2.9 agentic mode)
[2026-02-13T22:45:04.283Z] WARN: WS closed: 1006
[2026-02-13T22:45:04.283Z] INFO: Reconnecting in 5s (attempt 1)
[2026-02-13T22:45:09.288Z] INFO: Connecting to wss://clawdtalk.com...
[2026-02-13T22:45:09.324Z] INFO: Connected, authenticating...
[2026-02-13T22:45:09.345Z] INFO: Authenticated (v1.2.9 agentic mode)
[2026-02-13T23:29:15.553Z] WARN: WS closed: 1006
[2026-02-13T23:29:15.553Z] INFO: Reconnecting in 5s (attempt 1)
[2026-02-13T23:29:20.555Z] INFO: Connecting to wss://clawdtalk.com...
[2026-02-13T23:29:20.617Z] INFO: Connected, authenticating...
[2026-02-13T23:29:20.633Z] INFO: Authenticated (v1.2.9 agentic mode)
[2026-02-13T23:40:00.267Z] WARN: WS closed: 1006
[2026-02-13T23:40:00.268Z] INFO: Reconnecting in 5s (attempt 1)
[2026-02-13T23:40:05.273Z] INFO: Connecting to wss://clawdtalk.com...
[2026-02-13T23:40:05.311Z] INFO: Connected, authenticating...
[2026-02-13T23:40:05.326Z] INFO: Authenticated (v1.2.9 agentic mode)
[2026-02-13T23:42:10.712Z] WARN: WS closed: 1006
[2026-02-13T23:42:10.712Z] INFO: Reconnecting in 5s (attempt 1)
[2026-02-13T23:42:15.712Z] INFO: Connecting to wss://clawdtalk.com...
[2026-02-13T23:42:15.768Z] INFO: Connected, authenticating...
[2026-02-13T23:42:15.787Z] INFO: Authenticated (v1.2.9 agentic mode)
[2026-02-13T23:56:09.139Z] WARN: WS closed: 1006
[2026-02-13T23:56:09.139Z] INFO: Reconnecting in 5s (attempt 1)
[2026-02-13T23:56:14.143Z] INFO: Connecting to wss://clawdtalk.com...
[2026-02-13T23:56:14.199Z] INFO: Connected, authenticating...
[2026-02-13T23:56:14.214Z] INFO: Authenticated (v1.2.9 agentic mode)
[2026-02-14T00:18:31.806Z] WARN: WS closed: 1006
[2026-02-14T00:18:31.806Z] INFO: Reconnecting in 5s (attempt 1)
[2026-02-14T00:18:36.812Z] INFO: Connecting to wss://clawdtalk.com...
[2026-02-14T00:18:36.875Z] INFO: Connected, authenticating...
[2026-02-14T00:18:36.900Z] INFO: Authenticated (v1.2.9 agentic mode)
[2026-02-14T00:43:35.800Z] WARN: WS closed: 1006
[2026-02-14T00:43:35.800Z] INFO: Reconnecting in 5s (attempt 1)
[2026-02-14T00:43:40.804Z] INFO: Connecting to wss://clawdtalk.com...
[2026-02-14T00:43:40.846Z] INFO: Connected, authenticating...
[2026-02-14T00:43:40.860Z] INFO: Authenticated (v1.2.9 agentic mode)
[2026-02-14T01:06:52.245Z] WARN: WS closed: 1006
[2026-02-14T01:06:52.245Z] INFO: Reconnecting in 5s (attempt 1)
[2026-02-14T01:06:57.250Z] INFO: Connecting to wss://clawdtalk.com...
[2026-02-14T01:06:57.321Z] INFO: Connected, authenticating...
[2026-02-14T01:06:57.437Z] INFO: Authenticated (v1.2.9 agentic mode)
[2026-02-14T01:51:35.678Z] WARN: WS closed: 1006
[2026-02-14T01:51:35.678Z] INFO: Reconnecting in 5s (attempt 1)
[2026-02-14T01:51:40.682Z] INFO: Connecting to wss://clawdtalk.com...
[2026-02-14T01:51:40.763Z] INFO: Connected, authenticating...
[2026-02-14T01:51:40.775Z] INFO: Authenticated (v1.2.9 agentic mode)
[2026-02-14T02:04:06.657Z] WARN: WS closed: 1006
[2026-02-14T02:04:06.657Z] INFO: Reconnecting in 5s (attempt 1)
[2026-02-14T02:04:11.658Z] INFO: Connecting to wss://clawdtalk.com...
[2026-02-14T02:04:11.750Z] INFO: Connected, authenticating...
[2026-02-14T02:04:11.877Z] INFO: Authenticated (v1.2.9 agentic mode)
[2026-02-14T02:10:08.976Z] WARN: WS closed: 1006
[2026-02-14T02:10:08.976Z] INFO: Reconnecting in 5s (attempt 1)
[2026-02-14T02:10:13.978Z] INFO: Connecting to wss://clawdtalk.com...
[2026-02-14T02:10:14.043Z] INFO: Connected, authenticating...
[2026-02-14T02:10:14.056Z] INFO: Authenticated (v1.2.9 agentic mode)
[2026-02-14T03:18:43.773Z] WARN: WS closed: 1006
[2026-02-14T03:18:43.773Z] INFO: Reconnecting in 5s (attempt 1)
[2026-02-14T03:18:48.777Z] INFO: Connecting to wss://clawdtalk.com...
[2026-02-14T03:18:48.851Z] INFO: Connected, authenticating...
[2026-02-14T03:18:48.864Z] INFO: Authenticated (v1.2.9 agentic mode)
[2026-02-14T04:08:48.197Z] WARN: WS closed: 1006
[2026-02-14T04:08:48.197Z] INFO: Reconnecting in 5s (attempt 1)
[2026-02-14T04:08:53.201Z] INFO: Connecting to wss://clawdtalk.com...
[2026-02-14T04:08:53.275Z] INFO: Connected, authenticating...
[2026-02-14T04:08:53.287Z] INFO: Authenticated (v1.2.9 agentic mode)
[2026-02-14T04:54:10.016Z] WARN: WS closed: 1006
[2026-02-14T04:54:10.016Z] INFO: Reconnecting in 5s (attempt 1)
[2026-02-14T04:54:15.021Z] INFO: Connecting to wss://clawdtalk.com...
[2026-02-14T04:54:15.124Z] INFO: Connected, authenticating...
[2026-02-14T04:54:15.157Z] INFO: Authenticated (v1.2.9 agentic mode)
[2026-02-14T05:53:09.419Z] WARN: WS closed: 1006
[2026-02-14T05:53:09.420Z] INFO: Reconnecting in 5s (attempt 1)
[2026-02-14T05:53:14.425Z] INFO: Connecting to wss://clawdtalk.com...
[2026-02-14T05:53:14.458Z] INFO: Connected, authenticating...
[2026-02-14T05:53:14.473Z] INFO: Authenticated (v1.2.9 agentic mode)
[2026-02-14T06:11:01.260Z] WARN: WS closed: 1006
[2026-02-14T06:11:01.260Z] INFO: Reconnecting in 5s (attempt 1)
[2026-02-14T06:11:06.265Z] INFO: Connecting to wss://clawdtalk.com...
[2026-02-14T06:11:06.332Z] INFO: Connected, authenticating...
[2026-02-14T06:11:06.347Z] INFO: Authenticated (v1.2.9 agentic mode)
[2026-02-14T06:26:56.687Z] WARN: WS closed: 1006
[2026-02-14T06:26:56.687Z] INFO: Reconnecting in 5s (attempt 1)
[2026-02-14T06:27:01.692Z] INFO: Connecting to wss://clawdtalk.com...
[2026-02-14T06:27:01.745Z] INFO: Connected, authenticating...
[2026-02-14T06:27:01.757Z] INFO: Authenticated (v1.2.9 agentic mode)
[2026-02-14T06:43:47.907Z] WARN: WS closed: 1006
[2026-02-14T06:43:47.907Z] INFO: Reconnecting in 5s (attempt 1)
[2026-02-14T06:43:52.912Z] INFO: Connecting to wss://clawdtalk.com...
[2026-02-14T06:43:52.995Z] INFO: Connected, authenticating...
[2026-02-14T06:43:53.034Z] INFO: Authenticated (v1.2.9 agentic mode)
[2026-02-14T06:56:24.990Z] WARN: WS closed: 1006
[2026-02-14T06:56:24.990Z] INFO: Reconnecting in 5s (attempt 1)
[2026-02-14T06:56:29.995Z] INFO: Connecting to wss://clawdtalk.com...
[2026-02-14T06:56:30.032Z] INFO: Connected, authenticating...
[2026-02-14T06:56:30.054Z] INFO: Authenticated (v1.2.9 agentic mode)
[2026-02-14T08:06:40.616Z] WARN: WS closed: 1006
[2026-02-14T08:06:40.616Z] INFO: Reconnecting in 5s (attempt 1)
[2026-02-14T08:06:45.620Z] INFO: Connecting to wss://clawdtalk.com...
[2026-02-14T08:06:45.730Z] INFO: Connected, authenticating...
[2026-02-14T08:06:45.836Z] INFO: Authenticated (v1.2.9 agentic mode)
[2026-02-14T09:08:53.612Z] WARN: WS closed: 1006
[2026-02-14T09:08:53.612Z] INFO: Reconnecting in 5s (attempt 1)
[2026-02-14T09:08:58.614Z] INFO: Connecting to wss://clawdtalk.com...
[2026-02-14T09:08:58.653Z] INFO: Connected, authenticating...
[2026-02-14T09:08:58.667Z] INFO: Authenticated (v1.2.9 agentic mode)
[2026-02-14T13:28:26.659Z] WARN: WS closed: 1006
[2026-02-14T13:28:26.659Z] INFO: Reconnecting in 5s (attempt 1)
[2026-02-14T13:28:31.662Z] INFO: Connecting to wss://clawdtalk.com...
[2026-02-14T13:28:31.717Z] INFO: Connected, authenticating...
[2026-02-14T13:28:31.730Z] INFO: Authenticated (v1.2.9 agentic mode)
[2026-02-14T14:21:22.952Z] WARN: WS closed: 1006
[2026-02-14T14:21:22.952Z] INFO: Reconnecting in 5s (attempt 1)
[2026-02-14T14:21:27.957Z] INFO: Connecting to wss://clawdtalk.com...
[2026-02-14T14:21:28.029Z] INFO: Connected, authenticating...
[2026-02-14T14:21:28.046Z] INFO: Authenticated (v1.2.9 agentic mode)
[2026-02-14T16:22:42.482Z] WARN: WS closed: 1006
[2026-02-14T16:22:42.482Z] INFO: Reconnecting in 5s (attempt 1)
[2026-02-14T16:22:47.487Z] INFO: Connecting to wss://clawdtalk.com...
[2026-02-14T16:22:47.542Z] INFO: Connected, authenticating...
[2026-02-14T16:22:47.555Z] INFO: Authenticated (v1.2.9 agentic mode)
[2026-02-14T16:56:09.932Z] WARN: WS closed: 1006
[2026-02-14T16:56:09.933Z] INFO: Reconnecting in 5s (attempt 1)
[2026-02-14T16:56:14.938Z] INFO: Connecting to wss://clawdtalk.com...
[2026-02-14T16:56:14.984Z] INFO: Connected, authenticating...
[2026-02-14T16:56:14.996Z] INFO: Authenticated (v1.2.9 agentic mode)
[2026-02-14T17:46:29.972Z] WARN: WS closed: 1006
[2026-02-14T17:46:29.972Z] INFO: Reconnecting in 5s (attempt 1)
[2026-02-14T17:46:34.976Z] INFO: Connecting to wss://clawdtalk.com...
[2026-02-14T17:46:35.015Z] INFO: Connected, authenticating...
[2026-02-14T17:46:35.028Z] INFO: Authenticated (v1.2.9 agentic mode)
[2026-02-14T18:13:55.550Z] WARN: WS closed: 1006
[2026-02-14T18:13:55.550Z] INFO: Reconnecting in 5s (attempt 1)
[2026-02-14T18:14:00.555Z] INFO: Connecting to wss://clawdtalk.com...
[2026-02-14T18:14:00.599Z] INFO: Connected, authenticating...
[2026-02-14T18:14:00.676Z] INFO: Authenticated (v1.2.9 agentic mode)
[2026-02-14T21:19:26.621Z] WARN: WS closed: 1006
[2026-02-14T21:19:26.621Z] INFO: Reconnecting in 5s (attempt 1)
[2026-02-14T21:19:31.627Z] INFO: Connecting to wss://clawdtalk.com...
[2026-02-14T21:19:31.661Z] INFO: Connected, authenticating...
[2026-02-14T21:19:31.675Z] INFO: Authenticated (v1.2.9 agentic mode)
[2026-02-14T22:49:52.683Z] WARN: WS closed: 1006
[2026-02-14T22:49:52.683Z] INFO: Reconnecting in 5s (attempt 1)
[2026-02-14T22:49:57.688Z] INFO: Connecting to wss://clawdtalk.com...
[2026-02-14T22:49:57.744Z] INFO: Connected, authenticating...
[2026-02-14T22:49:57.755Z] INFO: Authenticated (v1.2.9 agentic mode)
[2026-02-15T00:37:30.483Z] WARN: WS closed: 1006
[2026-02-15T00:37:30.483Z] INFO: Reconnecting in 5s (attempt 1)
[2026-02-15T00:37:35.488Z] INFO: Connecting to wss://clawdtalk.com...
[2026-02-15T00:37:35.523Z] INFO: Connected, authenticating...
[2026-02-15T00:37:35.537Z] INFO: Authenticated (v1.2.9 agentic mode)
[2026-02-15T05:20:08.130Z] WARN: WS closed: 1006
[2026-02-15T05:20:08.130Z] INFO: Reconnecting in 5s (attempt 1)
[2026-02-15T05:20:13.135Z] INFO: Connecting to wss://clawdtalk.com...
[2026-02-15T05:20:13.175Z] INFO: Connected, authenticating...
[2026-02-15T05:20:13.192Z] INFO: Authenticated (v1.2.9 agentic mode)
[2026-02-15T09:13:04.788Z] WARN: WS closed: 1006
[2026-02-15T09:13:04.788Z] INFO: Reconnecting in 5s (attempt 1)
[2026-02-15T09:13:09.792Z] INFO: Connecting to wss://clawdtalk.com...
[2026-02-15T09:13:09.849Z] INFO: Connected, authenticating...
[2026-02-15T09:13:09.861Z] INFO: Authenticated (v1.2.9 agentic mode)
[2026-02-15T10:18:06.504Z] WARN: WS closed: 1006
[2026-02-15T10:18:06.504Z] INFO: Reconnecting in 5s (attempt 1)
[2026-02-15T10:18:11.505Z] INFO: Connecting to wss://clawdtalk.com...
[2026-02-15T10:18:11.563Z] INFO: Connected, authenticating...
[2026-02-15T10:18:11.580Z] INFO: Authenticated (v1.2.9 agentic mode)
[2026-02-15T16:44:29.797Z] WARN: WS closed: 1006
[2026-02-15T16:44:29.797Z] INFO: Reconnecting in 5s (attempt 1)
[2026-02-15T16:44:34.802Z] INFO: Connecting to wss://clawdtalk.com...
[2026-02-15T16:44:34.839Z] INFO: Connected, authenticating...
[2026-02-15T16:44:34.852Z] INFO: Authenticated (v1.2.9 agentic mode)
[2026-02-15T18:54:14.577Z] WARN: WS closed: 1006
[2026-02-15T18:54:14.577Z] INFO: Reconnecting in 5s (attempt 1)
[2026-02-15T18:54:19.581Z] INFO: Connecting to wss://clawdtalk.com...
[2026-02-15T18:54:19.638Z] INFO: Connected, authenticating...
[2026-02-15T18:54:19.651Z] INFO: Authenticated (v1.2.9 agentic mode)
[2026-02-15T18:57:41.889Z] WARN: WS closed: 1006
[2026-02-15T18:57:41.889Z] INFO: Reconnecting in 5s (attempt 1)
[2026-02-15T18:57:46.893Z] INFO: Connecting to wss://clawdtalk.com...
[2026-02-15T18:57:46.925Z] INFO: Connected, authenticating...
[2026-02-15T18:57:46.940Z] INFO: Authenticated (v1.2.9 agentic mode)
[2026-02-15T19:16:24.763Z] WARN: WS closed: 1006
[2026-02-15T19:16:24.763Z] INFO: Reconnecting in 5s (attempt 1)
[2026-02-15T19:16:29.765Z] INFO: Connecting to wss://clawdtalk.com...
[2026-02-15T19:16:29.801Z] INFO: Connected, authenticating...
[2026-02-15T19:16:29.857Z] INFO: Authenticated (v1.2.9 agentic mode)
[2026-02-15T20:48:06.837Z] WARN: WS closed: 1006
[2026-02-15T20:48:06.837Z] INFO: Reconnecting in 5s (attempt 1)
[2026-02-15T20:48:11.838Z] INFO: Connecting to wss://clawdtalk.com...
[2026-02-15T20:48:11.898Z] INFO: Connected, authenticating...
[2026-02-15T20:48:11.911Z] INFO: Authenticated (v1.2.9 agentic mode)
[2026-02-15T22:12:05.703Z] WARN: WS closed: 1006
[2026-02-15T22:12:05.703Z] INFO: Reconnecting in 5s (attempt 1)
[2026-02-15T22:12:10.708Z] INFO: Connecting to wss://clawdtalk.com...
[2026-02-15T22:12:10.775Z] INFO: Connected, authenticating...
[2026-02-15T22:12:10.789Z] INFO: Authenticated (v1.2.9 agentic mode)
[2026-02-15T22:20:13.375Z] WARN: WS closed: 1006
[2026-02-15T22:20:13.375Z] INFO: Reconnecting in 5s (attempt 1)
[2026-02-15T22:20:18.380Z] INFO: Connecting to wss://clawdtalk.com...
[2026-02-15T22:20:18.414Z] INFO: Connected, authenticating...
[2026-02-15T22:20:18.427Z] INFO: Authenticated (v1.2.9 agentic mode)
[2026-02-16T02:55:11.726Z] WARN: WS closed: 1006
[2026-02-16T02:55:11.726Z] INFO: Reconnecting in 5s (attempt 1)
[2026-02-16T02:55:16.730Z] INFO: Connecting to wss://clawdtalk.com...
[2026-02-16T02:55:16.817Z] INFO: Connected, authenticating...
[2026-02-16T02:55:16.873Z] INFO: Authenticated (v1.2.9 agentic mode)
[2026-02-16T19:01:59.923Z] WARN: WS closed: 1006
[2026-02-16T19:01:59.923Z] INFO: Reconnecting in 5s (attempt 1)
[2026-02-16T19:02:04.928Z] INFO: Connecting to wss://clawdtalk.com...
[2026-02-16T19:02:04.999Z] INFO: Connected, authenticating...
[2026-02-16T19:02:05.012Z] INFO: Authenticated (v1.2.9 agentic mode)
[2026-02-16T22:21:57.795Z] WARN: WS closed: 1006
[2026-02-16T22:21:57.795Z] INFO: Reconnecting in 5s (attempt 1)
[2026-02-16T22:22:02.800Z] INFO: Connecting to wss://clawdtalk.com...
[2026-02-16T22:22:02.860Z] INFO: Connected, authenticating...
[2026-02-16T22:22:02.873Z] INFO: Authenticated (v1.2.9 agentic mode)
[2026-02-17T00:05:34.397Z] WARN: WS closed: 1006
[2026-02-17T00:05:34.397Z] INFO: Reconnecting in 5s (attempt 1)
[2026-02-17T00:05:39.402Z] INFO: Connecting to wss://clawdtalk.com...
[2026-02-17T00:05:39.459Z] INFO: Connected, authenticating...
[2026-02-17T00:05:39.472Z] INFO: Authenticated (v1.2.9 agentic mode)
[2026-02-17T03:20:31.945Z] WARN: WS closed: 1006
[2026-02-17T03:20:31.945Z] INFO: Reconnecting in 5s (attempt 1)
[2026-02-17T03:20:36.950Z] INFO: Connecting to wss://clawdtalk.com...
[2026-02-17T03:20:37.018Z] INFO: Connected, authenticating...
[2026-02-17T03:20:37.031Z] INFO: Authenticated (v1.2.9 agentic mode)
[2026-02-17T09:29:03.073Z] WARN: WS closed: 1006
[2026-02-17T09:29:03.073Z] INFO: Reconnecting in 5s (attempt 1)
[2026-02-17T09:29:08.078Z] INFO: Connecting to wss://clawdtalk.com...
[2026-02-17T09:29:08.168Z] INFO: Connected, authenticating...
[2026-02-17T09:29:08.234Z] INFO: Authenticated (v1.2.9 agentic mode)
[2026-02-17T12:03:15.107Z] WARN: WS closed: 1006
[2026-02-17T12:03:15.108Z] INFO: Reconnecting in 5s (attempt 1)
[2026-02-17T12:03:20.109Z] INFO: Connecting to wss://clawdtalk.com...
[2026-02-17T12:03:20.142Z] INFO: Connected, authenticating...
[2026-02-17T12:03:20.154Z] INFO: Authenticated (v1.2.9 agentic mode)
[2026-02-17T12:23:32.829Z] WARN: WS closed: 1006
[2026-02-17T12:23:32.829Z] INFO: Reconnecting in 5s (attempt 1)
[2026-02-17T12:23:37.834Z] INFO: Connecting to wss://clawdtalk.com...
[2026-02-17T12:23:37.872Z] INFO: Connected, authenticating...
[2026-02-17T12:23:37.887Z] INFO: Authenticated (v1.2.9 agentic mode)
[2026-02-17T12:33:20.822Z] WARN: WS closed: 1006
[2026-02-17T12:33:20.822Z] INFO: Reconnecting in 5s (attempt 1)
[2026-02-17T12:33:25.827Z] INFO: Connecting to wss://clawdtalk.com...
[2026-02-17T12:33:25.863Z] INFO: Connected, authenticating...
[2026-02-17T12:33:25.877Z] INFO: Authenticated (v1.2.9 agentic mode)
[2026-02-17T15:20:03.224Z] WARN: WS closed: 1006
[2026-02-17T15:20:03.224Z] INFO: Reconnecting in 5s (attempt 1)
[2026-02-17T15:20:08.226Z] INFO: Connecting to wss://clawdtalk.com...
[2026-02-17T15:20:08.547Z] INFO: Connected, authenticating...
[2026-02-17T15:20:08.563Z] INFO: Authenticated (v1.2.9 agentic mode)
[2026-02-17T15:35:25.430Z] WARN: WS closed: 1006
[2026-02-17T15:35:25.430Z] INFO: Reconnecting in 5s (attempt 1)
[2026-02-17T15:35:30.432Z] INFO: Connecting to wss://clawdtalk.com...
[2026-02-17T15:35:30.498Z] INFO: Connected, authenticating...
[2026-02-17T15:35:30.519Z] INFO: Authenticated (v1.2.9 agentic mode)
[2026-02-17T19:05:55.302Z] WARN: WS closed: 1006
[2026-02-17T19:05:55.302Z] INFO: Reconnecting in 5s (attempt 1)
[2026-02-17T19:06:00.307Z] INFO: Connecting to wss://clawdtalk.com...
[2026-02-17T19:06:00.369Z] INFO: Connected, authenticating...
[2026-02-17T19:06:00.382Z] INFO: Authenticated (v1.2.9 agentic mode)
[2026-02-17T20:34:43.760Z] WARN: WS closed: 1006
[2026-02-17T20:34:43.760Z] INFO: Reconnecting in 5s (attempt 1)
[2026-02-17T20:34:48.765Z] INFO: Connecting to wss://clawdtalk.com...
[2026-02-17T20:34:48.821Z] INFO: Connected, authenticating...
[2026-02-17T20:34:48.837Z] INFO: Authenticated (v1.2.9 agentic mode)
[2026-02-17T20:57:01.683Z] WARN: WS closed: 1006
[2026-02-17T20:57:01.683Z] INFO: Reconnecting in 5s (attempt 1)
[2026-02-17T20:57:06.683Z] INFO: Connecting to wss://clawdtalk.com...
[2026-02-17T20:57:06.742Z] INFO: Connected, authenticating...
[2026-02-17T20:57:06.771Z] INFO: Authenticated (v1.2.9 agentic mode)
[2026-02-17T23:02:28.651Z] WARN: WS closed: 1006
[2026-02-17T23:02:28.651Z] INFO: Reconnecting in 5s (attempt 1)
[2026-02-17T23:02:33.656Z] INFO: Connecting to wss://clawdtalk.com...
[2026-02-17T23:02:33.710Z] INFO: Connected, authenticating...
[2026-02-17T23:02:33.724Z] INFO: Authenticated (v1.2.9 agentic mode)
[2026-02-17T23:13:09.415Z] WARN: WS closed: 1006
[2026-02-17T23:13:09.415Z] INFO: Reconnecting in 5s (attempt 1)
[2026-02-17T23:13:14.416Z] INFO: Connecting to wss://clawdtalk.com...
[2026-02-17T23:13:14.512Z] INFO: Connected, authenticating...
[2026-02-17T23:13:14.562Z] INFO: Authenticated (v1.2.9 agentic mode)
[2026-02-18T00:18:23.683Z] WARN: WS closed: 1006
[2026-02-18T00:18:23.683Z] INFO: Reconnecting in 5s (attempt 1)
[2026-02-18T00:18:28.686Z] INFO: Connecting to wss://clawdtalk.com...
[2026-02-18T00:18:28.786Z] INFO: Connected, authenticating...
[2026-02-18T00:18:28.876Z] INFO: Authenticated (v1.2.9 agentic mode)
[2026-02-18T00:29:23.974Z] WARN: WS closed: 1006
[2026-02-18T00:29:23.974Z] INFO: Reconnecting in 5s (attempt 1)
[2026-02-18T00:29:28.974Z] INFO: Connecting to wss://clawdtalk.com...
[2026-02-18T00:29:29.014Z] INFO: Connected, authenticating...
[2026-02-18T00:29:29.028Z] INFO: Authenticated (v1.2.9 agentic mode)
[2026-02-18T02:47:28.801Z] WARN: WS closed: 1006
[2026-02-18T02:47:28.801Z] INFO: Reconnecting in 5s (attempt 1)
[2026-02-18T02:47:33.805Z] INFO: Connecting to wss://clawdtalk.com...
[2026-02-18T02:47:33.859Z] INFO: Connected, authenticating...
[2026-02-18T02:47:33.874Z] INFO: Authenticated (v1.2.9 agentic mode)
